0 verbose cli C:\Program Files\nodejs\node.exe C:\Users\Tim Chen\AppData\Roaming\npm\node_modules\npm\bin\npm-cli.js
1 info using npm@10.1.0
2 info using node@v20.7.0
3 timing npm:load:whichnode Completed in 1ms
4 timing config:load:defaults Completed in 1ms
5 timing config:load:file:C:\Users\Tim Chen\AppData\Roaming\npm\node_modules\npm\npmrc Completed in 3ms
6 timing config:load:builtin Completed in 3ms
7 timing config:load:cli Completed in 1ms
8 timing config:load:env Completed in 0ms
9 timing config:load:file:C:\Users\Tim Chen\Desktop\SWLab\HW4\.npmrc Completed in 0ms
10 timing config:load:project Completed in 1ms
11 timing config:load:file:C:\Users\Tim Chen\.npmrc Completed in 0ms
12 timing config:load:user Completed in 0ms
13 timing config:load:file:C:\Users\Tim Chen\AppData\Roaming\npm\etc\npmrc Completed in 0ms
14 timing config:load:global Completed in 0ms
15 timing config:load:setEnvs Completed in 0ms
16 timing config:load Completed in 8ms
17 timing npm:load:configload Completed in 8ms
18 timing config:load:flatten Completed in 2ms
19 timing npm:load:mkdirpcache Completed in 0ms
20 timing npm:load:mkdirplogs Completed in 0ms
21 verbose title npm install
22 verbose argv "install"
23 timing npm:load:setTitle Completed in 1ms
24 timing npm:load:display Completed in 0ms
25 verbose logfile logs-max:10 dir:C:\Users\Tim Chen\Desktop\SWLab\HW4\_logs\2023-10-10T00_17_45_563Z-
26 verbose logfile C:\Users\Tim Chen\Desktop\SWLab\HW4\_logs\2023-10-10T00_17_45_563Z-debug-0.log
27 timing npm:load:logFile Completed in 7ms
28 timing npm:load:timers Completed in 0ms
29 timing npm:load:configScope Completed in 0ms
30 timing npm:load Completed in 48ms
31 timing config:load:flatten Completed in 0ms
32 timing arborist:ctor Completed in 0ms
33 timing arborist:ctor Completed in 0ms
34 silly logfile done cleaning log files
35 timing idealTree:init Completed in 9ms
36 timing idealTree:userRequests Completed in 1ms
37 silly idealTree buildDeps
38 timing idealTree:#root Completed in 0ms
39 timing idealTree:buildDeps Completed in 0ms
40 timing idealTree:fixDepFlags Completed in 0ms
41 timing idealTree Completed in 12ms
42 timing reify:loadTrees Completed in 12ms
43 timing reify:diffTrees Completed in 0ms
44 silly reify moves {}
45 timing reify:retireShallow Completed in 1ms
46 timing reify:createSparse Completed in 0ms
47 timing reify:loadBundles Completed in 0ms
48 timing reify:unpack Completed in 1ms
49 timing reify:unretire Completed in 0ms
50 timing build:queue Completed in 0ms
51 timing build:deps Completed in 0ms
52 timing build Completed in 0ms
53 timing reify:build Completed in 0ms
54 timing reify:trash Completed in 0ms
55 timing reify:save Completed in 2ms
56 timing reify Completed in 25ms
57 timing command:install Completed in 28ms
58 verbose stack Error: ENOENT: no such file or directory, open 'C:\Users\Tim Chen\Desktop\SWLab\HW4\package.json'
59 verbose cwd C:\Users\Tim Chen\Desktop\SWLab\HW4
60 verbose Windows_NT 10.0.22621
61 verbose node v20.7.0
62 verbose npm  v10.1.0
63 error code ENOENT
64 error syscall open
65 error path C:\Users\Tim Chen\Desktop\SWLab\HW4/package.json
66 error errno -4058
67 error enoent ENOENT: no such file or directory, open 'C:\Users\Tim Chen\Desktop\SWLab\HW4\package.json'
68 error enoent This is related to npm not being able to find a file.
68 error enoent
69 verbose exit -4058
70 timing npm Completed in 472ms
71 verbose code -4058
72 error A complete log of this run can be found in: C:\Users\Tim Chen\Desktop\SWLab\HW4\_logs\2023-10-10T00_17_45_563Z-debug-0.log
